# JRE version: OpenJDK Runtime Environment (8.0_242-b01) (build 1.8.0_242-release-1644-b01)
# Java VM: OpenJDK 64-Bit Server VM (25.242-b01 mixed mode windows-amd64 compressed oops)
Heap:
 PSYoungGen      total 368640K, used 361334K [0x00000000e0000000, 0x00000000f9080000, 0x0000000100000000)
  eden space 335872K, 98% used [0x00000000e0000000,0x00000000f43d7750,0x00000000f4800000)
  from space 32768K, 90% used [0x00000000f6a80000,0x00000000f8786150,0x00000000f8a80000)
  to   space 35328K, 0% used [0x00000000f4800000,0x00000000f4800000,0x00000000f6a80000)
 ParOldGen       total 332288K, used 82425K [0x00000000a0000000, 0x00000000b4480000, 0x00000000e0000000)
  object space 332288K, 24% used [0x00000000a0000000,0x00000000a507e690,0x00000000b4480000)
 Metaspace       used 95643K, capacity 103258K, committed 103320K, reserved 1138688K
  class space    used 12231K, capacity 13431K, committed 13488K, reserved 1048576K
GC Heap History (10 events):
Event: 12811.081 GC heap before
{Heap before GC invocations=46 (full 4):
 PSYoungGen      total 353792K, used 345142K [0x00000000e0000000, 0x00000000f7f80000, 0x0000000100000000)
  eden space 322048K, 100% used [0x00000000e0000000,0x00000000f3a80000,0x00000000f3a80000)
  from space 31744K, 72% used [0x00000000f3a80000,0x00000000f510d818,0x00000000f5980000)
  to   space 31744K, 0% used [0x00000000f6080000,0x00000000f6080000,0x00000000f7f80000)
 ParOldGen       total 332288K, used 72051K [0x00000000a0000000, 0x00000000b4480000, 0x00000000e0000000)
  object space 332288K, 21% used [0x00000000a0000000,0x00000000a465ce80,0x00000000b4480000)
 Metaspace       used 95327K, capacity 102910K, committed 103064K, reserved 1138688K
  class space    used 12225K, capacity 13425K, committed 13488K, reserved 1048576K
Event: 12811.100 GC heap after
Heap after GC invocations=46 (full 4):
 PSYoungGen      total 359936K, used 6238K [0x00000000e0000000, 0x00000000f8080000, 0x0000000100000000)
  eden space 328192K, 0% used [0x00000000e0000000,0x00000000e0000000,0x00000000f4080000)
  from space 31744K, 19% used [0x00000000f6080000,0x00000000f6697be0,0x00000000f7f80000)
  to   space 32768K, 0% used [0x00000000f4080000,0x00000000f4080000,0x00000000f6080000)
 ParOldGen       total 332288K, used 72107K [0x00000000a0000000, 0x00000000b4480000, 0x00000000e0000000)
  object space 332288K, 21% used [0x00000000a0000000,0x00000000a466ae80,0x00000000b4480000)
 Metaspace       used 95327K, capacity 102910K, committed 103064K, reserved 1138688K
  class space    used 12225K, capacity 13425K, committed 13488K, reserved 1048576K
}
Event: 12927.868 GC heap before
{Heap before GC invocations=47 (full 4):
 PSYoungGen      total 359936K, used 334430K [0x00000000e0000000, 0x00000000f8080000, 0x0000000100000000)
  eden space 328192K, 100% used [0x00000000e0000000,0x00000000f4080000,0x00000000f4080000)
  from space 31744K, 19% used [0x00000000f6080000,0x00000000f6697be0,0x00000000f7f80000)
  to   space 32768K, 0% used [0x00000000f4080000,0x00000000f4080000,0x00000000f6080000)
 ParOldGen       total 332288K, used 72107K [0x00000000a0000000, 0x00000000b4480000, 0x00000000e0000000)
  object space 332288K, 21% used [0x00000000a0000000,0x00000000a466ae80,0x00000000b4480000)
 Metaspace       used 95411K, capacity 103038K, committed 103320K, reserved 1138688K
  class space    used 12226K, capacity 13425K, committed 13488K, reserved 1048576K
Event: 12927.906 GC heap after
Heap after GC invocations=47 (full 4):
 PSYoungGen      total 360960K, used 17268K [0x00000000e0000000, 0x00000000f8380000, 0x0000000100000000)
  eden space 328192K, 0% used [0x00000000e0000000,0x00000000e0000000,0x00000000f4080000)
  from space 32768K, 52% used [0x00000000f4080000,0x00000000f515d3f0,0x00000000f6080000)
  to   space 31744K, 0% used [0x00000000f6480000,0x00000000f6480000,0x00000000f8380000)
 ParOldGen       total 332288K, used 72139K [0x00000000a0000000, 0x00000000b4480000, 0x00000000e0000000)
  object space 332288K, 21% used [0x00000000a0000000,0x00000000a4672e80,0x00000000b4480000)
 Metaspace       used 95411K, capacity 103038K, committed 103320K, reserved 1138688K
  class space    used 12226K, capacity 13425K, committed 13488K, reserved 1048576K
}
Event: 12946.822 GC heap before
{Heap before GC invocations=48 (full 4):
 PSYoungGen      total 360960K, used 345460K [0x00000000e0000000, 0x00000000f8380000, 0x0000000100000000)
  eden space 328192K, 99% used [0x00000000e0000000,0x00000000f407fdb0,0x00000000f4080000)
  from space 32768K, 52% used [0x00000000f4080000,0x00000000f515d3f0,0x00000000f6080000)
  to   space 31744K, 0% used [0x00000000f6480000,0x00000000f6480000,0x00000000f8380000)
 ParOldGen       total 332288K, used 72139K [0x00000000a0000000, 0x00000000b4480000, 0x00000000e0000000)
  object space 332288K, 21% used [0x00000000a0000000,0x00000000a4672e80,0x00000000b4480000)
 Metaspace       used 95449K, capacity 103038K, committed 103320K, reserved 1138688K
  class space    used 12226K, capacity 13425K, committed 13488K, reserved 1048576K
Event: 12946.859 GC heap after
Heap after GC invocations=48 (full 4):
 PSYoungGen      total 365056K, used 13824K [0x00000000e0000000, 0x00000000f8300000, 0x0000000100000000)
  eden space 333824K, 0% used [0x00000000e0000000,0x00000000e0000000,0x00000000f4600000)
  from space 31232K, 44% used [0x00000000f6480000,0x00000000f7200068,0x00000000f8300000)
  to   space 31232K, 0% used [0x00000000f4600000,0x00000000f4600000,0x00000000f6480000)
 ParOldGen       total 332288K, used 72203K [0x00000000a0000000, 0x00000000b4480000, 0x00000000e0000000)
  object space 332288K, 21% used [0x00000000a0000000,0x00000000a4682e90,0x00000000b4480000)
 Metaspace       used 95449K, capacity 103038K, committed 103320K, reserved 1138688K
  class space    used 12226K, capacity 13425K, committed 13488K, reserved 1048576K
}
Event: 13418.998 GC heap before
{Heap before GC invocations=49 (full 4):
 PSYoungGen      total 365056K, used 347648K [0x00000000e0000000, 0x00000000f8300000, 0x0000000100000000)
  eden space 333824K, 100% used [0x00000000e0000000,0x00000000f4600000,0x00000000f4600000)
  from space 31232K, 44% used [0x00000000f6480000,0x00000000f7200068,0x00000000f8300000)
  to   space 31232K, 0% used [0x00000000f4600000,0x00000000f4600000,0x00000000f6480000)
 ParOldGen       total 332288K, used 72203K [0x00000000a0000000, 0x00000000b4480000, 0x00000000e0000000)
  object space 332288K, 21% used [0x00000000a0000000,0x00000000a4682e90,0x00000000b4480000)
 Metaspace       used 95498K, capacity 103170K, committed 103320K, reserved 1138688K
  class space    used 12227K, capacity 13425K, committed 13488K, reserved 1048576K
Event: 13419.038 GC heap after
Heap after GC invocations=49 (full 4):
 PSYoungGen      total 365056K, used 26116K [0x00000000e0000000, 0x00000000f8a80000, 0x0000000100000000)
  eden space 333824K, 0% used [0x00000000e0000000,0x00000000e0000000,0x00000000f4600000)
  from space 31232K, 83% used [0x00000000f4600000,0x00000000f5f81028,0x00000000f6480000)
  to   space 32768K, 0% used [0x00000000f6a80000,0x00000000f6a80000,0x00000000f8a80000)
 ParOldGen       total 332288K, used 72251K [0x00000000a0000000, 0x00000000b4480000, 0x00000000e0000000)
  object space 332288K, 21% used [0x00000000a0000000,0x00000000a468ee90,0x00000000b4480000)
 Metaspace       used 95498K, capacity 103170K, committed 103320K, reserved 1138688K
  class space    used 12227K, capacity 13425K, committed 13488K, reserved 1048576K
}
Event: 13434.633 GC heap before
{Heap before GC invocations=50 (full 4):
 PSYoungGen      total 365056K, used 359715K [0x00000000e0000000, 0x00000000f8a80000, 0x0000000100000000)
  eden space 333824K, 99% used [0x00000000e0000000,0x00000000f45c7ca8,0x00000000f4600000)
  from space 31232K, 83% used [0x00000000f4600000,0x00000000f5f81028,0x00000000f6480000)
  to   space 32768K, 0% used [0x00000000f6a80000,0x00000000f6a80000,0x00000000f8a80000)
 ParOldGen       total 332288K, used 72251K [0x00000000a0000000, 0x00000000b4480000, 0x00000000e0000000)
  object space 332288K, 21% used [0x00000000a0000000,0x00000000a468ee90,0x00000000b4480000)
 Metaspace       used 95618K, capacity 103258K, committed 103320K, reserved 1138688K
  class space    used 12230K, capacity 13431K, committed 13488K, reserved 1048576K
Event: 13434.677 GC heap after
Heap after GC invocations=50 (full 4):
 PSYoungGen      total 368640K, used 29720K [0x00000000e0000000, 0x00000000f9080000, 0x0000000100000000)
  eden space 335872K, 0% used [0x00000000e0000000,0x00000000e0000000,0x00000000f4800000)
  from space 32768K, 90% used [0x00000000f6a80000,0x00000000f8786150,0x00000000f8a80000)
  to   space 35328K, 0% used [0x00000000f4800000,0x00000000f4800000,0x00000000f6a80000)
 ParOldGen       total 332288K, used 82425K [0x00000000a0000000, 0x00000000b4480000, 0x00000000e0000000)
  object space 332288K, 24% used [0x00000000a0000000,0x00000000a507e690,0x00000000b4480000)
 Metaspace       used 95618K, capacity 103258K, committed 103320K, reserved 1138688K
  class space    used 12230K, capacity 13431K, committed 13488K, reserved 1048576K
}

